<?xml version="1.0" encoding="UTF-8"?>
<!-- Generated by org.testng.reporters.JUnitReportReporter -->
<testsuite skipped="0" hostname="Srikrishna" name="runners.PositiveTest" tests="1" failures="0" timestamp="30 Jun 2020 17:16:18 GMT" time="136.306" errors="0">
  <testcase name="feature" time="136.306" classname="runners.PositiveTest"/>
</testsuite> <!-- runners.PositiveTest -->
